<?xml version="1.0" encoding="UTF-8"?>
<!-- Generated by org.testng.reporters.JUnitReportReporter -->
<testsuite hostname="LAPTOP-FJ95FAV4" failures="0" tests="1" name="com.git.Deomgit1" time="0.012" errors="0" timestamp="2021-11-11T12:44:52 IST" skipped="0">
  <testcase classname="com.git.Deomgit1" name="demogit1" time="0.012"/>
  <system-out/>
</testsuite> <!-- com.git.Deomgit1 -->
